<?xml version="1.0" encoding="UTF-8"?>
<!-- Generated by org.testng.reporters.JUnitReportReporter -->
<testsuite hostname="s-korobko" failures="2" tests="5" name="org.example.runner.CucumberTest" time="75.211" errors="0" timestamp="2022-10-26T23:08:10 EEST" skipped="0">
  <testcase classname="org.example.runner.CucumberTest" name="runScenario" time="20.287">
    <failure message="Page with title &#039;{}&#039; is not displayed" type="java.lang.AssertionError">
      <![CDATA[java.lang.AssertionError: Page with title '{}' is not displayed
at org.example.steps.MenuSteps.verifyPageTitlePresence(MenuSteps.java:33)
at ✽.page with title "3rd Party Tools" is displayed(classpath:features/MenuSections.feature:9)
]]>
    </failure>
  </testcase> <!-- runScenario -->
  <system-out/>
  <testcase classname="org.example.runner.CucumberTest" name="runScenario" time="10.391"/>
  <system-out/>
  <testcase classname="org.example.runner.CucumberTest" name="runScenario" time="10.303"/>
  <system-out/>
  <testcase classname="org.example.runner.CucumberTest" name="runScenario" time="14.951"/>
  <system-out/>
  <testcase classname="org.example.runner.CucumberTest" name="runScenario" time="19.279">
    <failure message="Page with title &#039;{}&#039; is not displayed" type="java.lang.AssertionError">
      <![CDATA[java.lang.AssertionError: Page with title '{}' is not displayed
at org.example.steps.MenuSteps.verifyPageTitlePresence(MenuSteps.java:33)
at ✽.page with title "API Docs" is displayed(classpath:features/MenuSections.feature:9)
]]>
    </failure>
  </testcase> <!-- runScenario -->
  <system-out/>
</testsuite> <!-- org.example.runner.CucumberTest -->
